
**** Build of configuration Debug for project Encoder_Ralph ****

"C:\\TI\\ccsv7\\utils\\bin\\gmake" -k -j 4 all -O 
'Building file: ../main.c'
'Invoking: MSP432 Compiler'
"C:/TI/ccsv7/tools/compiler/ti-cgt-arm_16.9.1.LTS/bin/armcl" -mv7M4 --code_state=16 --float_support=FPv4SPD16 -me --include_path="C:/TI/ccsv7/ccs_base/arm/include" --include_path="C:/TI/ccsv7/ccs_base/arm/include/CMSIS" --include_path="C:/Users/danal/OneDrive/COLLEGE/PROJECTS/Encoder Project/CSS_workspace/Encoder_Ralph" --include_path="C:/TI/ccsv7/tools/compiler/ti-cgt-arm_16.9.1.LTS/include" --advice:power=all --define=__MSP432P401R__ --define=TARGET_IS_MSP432P4XX --define=ccs -g --gcc --diag_warning=225 --diag_wrap=off --display_error_number --abi=eabi --preproc_with_compile --preproc_dependency="main.d"  "../main.c"

>> Compilation failure
subdir_rules.mk:9: recipe for target 'main.obj' failed
"../main.c", line 8: fatal error #1965: cannot open source file "driverlib.h"
1 catastrophic error detected in the compilation of "../main.c".
Compilation terminated.
gmake: *** [main.obj] Error 1
'Building file: ../startup_msp432p401r_ccs.c'
'Invoking: MSP432 Compiler'
"C:/TI/ccsv7/tools/compiler/ti-cgt-arm_16.9.1.LTS/bin/armcl" -mv7M4 --code_state=16 --float_support=FPv4SPD16 -me --include_path="C:/TI/ccsv7/ccs_base/arm/include" --include_path="C:/TI/ccsv7/ccs_base/arm/include/CMSIS" --include_path="C:/Users/danal/OneDrive/COLLEGE/PROJECTS/Encoder Project/CSS_workspace/Encoder_Ralph" --include_path="C:/TI/ccsv7/tools/compiler/ti-cgt-arm_16.9.1.LTS/include" --advice:power=all --define=__MSP432P401R__ --define=TARGET_IS_MSP432P4XX --define=ccs -g --gcc --diag_warning=225 --diag_wrap=off --display_error_number --abi=eabi --preproc_with_compile --preproc_dependency="startup_msp432p401r_ccs.d"  "../startup_msp432p401r_ccs.c"
'Finished building: ../startup_msp432p401r_ccs.c'
' '
'Building file: ../system_msp432p401r.c'
'Invoking: MSP432 Compiler'
"C:/TI/ccsv7/tools/compiler/ti-cgt-arm_16.9.1.LTS/bin/armcl" -mv7M4 --code_state=16 --float_support=FPv4SPD16 -me --include_path="C:/TI/ccsv7/ccs_base/arm/include" --include_path="C:/TI/ccsv7/ccs_base/arm/include/CMSIS" --include_path="C:/Users/danal/OneDrive/COLLEGE/PROJECTS/Encoder Project/CSS_workspace/Encoder_Ralph" --include_path="C:/TI/ccsv7/tools/compiler/ti-cgt-arm_16.9.1.LTS/include" --advice:power=all --define=__MSP432P401R__ --define=TARGET_IS_MSP432P4XX --define=ccs -g --gcc --diag_warning=225 --diag_wrap=off --display_error_number --abi=eabi --preproc_with_compile --preproc_dependency="system_msp432p401r.d"  "../system_msp432p401r.c"
"../system_msp432p401r.c", line 112: remark #2623-D: (ULP 5.4) Detected an assignment to a type with size less than int. To avoid unnecessary sign extension, use int-sized types for local varaibles and convert to smaller types for static storage.
"../system_msp432p401r.c", line 160: remark #2623-D: (ULP 5.4) Detected an assignment to a type with size less than int. To avoid unnecessary sign extension, use int-sized types for local varaibles and convert to smaller types for static storage.
"../system_msp432p401r.c", line 193: remark #2623-D: (ULP 5.4) Detected an assignment to a type with size less than int. To avoid unnecessary sign extension, use int-sized types for local varaibles and convert to smaller types for static storage.
'Finished building: ../system_msp432p401r.c'
' '
gmake: Target 'all' not remade because of errors.

**** Build Finished ****
